<?xml version="1.0" encoding="UTF-8"?>
<!-- Generated by org.testng.reporters.JUnitXMLReporter -->
<testsuite ignored="0" hostname="DESKTOP-30GL0O0" failures="0" tests="3" name="Default test" time="20.817" errors="0" timestamp="2023-12-15T15:06:03 EST">
  <testcase classname="com.qa.tests.HomePageTest" name="verifyHomePageTitle" time="1.485"/>
  <testcase classname="com.qa.tests.HomePageTest" name="verifyHomeTabDisplay" time="0.163"/>
  <testcase classname="com.qa.tests.HomePageTest" name="verifyUserLoginName" time="0.091"/>
</testsuite> <!-- Default test -->
