<?xml version="1.0" encoding="UTF-8"?>
<!-- Generated by org.testng.reporters.JUnitXMLReporter -->
<testsuite ignored="2" hostname="DESKTOP-30GL0O0" failures="0" tests="5" name="Test" time="18.586" errors="0" timestamp="2023-12-15T12:53:39 EST">
  <testcase classname="com.qa.tests.HomePageTest" name="@BeforeClass HomePageSetup" time="0.0">
    <failure type="java.lang.NullPointerException">
      <![CDATA[java.lang.NullPointerException
at com.qa.tests.HomePageTest.HomePageSetup(HomePageTest.java:14)
at java.base/java.util.ArrayList.forEach(ArrayList.java:1541)
... Removed 25 stack frames]]>
    </failure>
  </testcase> <!-- @BeforeClass HomePageSetup -->
  <testcase classname="com.qa.tests.LoginPageTest" name="verifyLoginPageTest" time="0.042"/>
  <testcase classname="com.qa.tests.LoginPageTest" name="verifyLoginFunction" time="7.06"/>
  <testcase classname="com.qa.tests.HomePageTest" name="verifyHomePageTitle" time="0.0">
    <skipped/>
  </testcase> <!-- verifyHomePageTitle -->
  <testcase classname="com.qa.tests.HomePageTest" name="verifyHomeTabDisplay" time="0.0">
    <skipped/>
  </testcase> <!-- verifyHomeTabDisplay -->
  <testcase classname="com.qa.tests.HomePageTest" name="verifyUserLoginName" time="0.0">
    <skipped/>
  </testcase> <!-- verifyUserLoginName -->
  <testcase classname="com.qa.base.BaseTest" name="@AfterTest teardown" time="0.0">
    <ignored/>
  </testcase> <!-- @AfterTest teardown -->
  <testcase classname="com.qa.base.BaseTest" name="@BeforeTest setup" time="0.0">
    <ignored/>
  </testcase> <!-- @BeforeTest setup -->
</testsuite> <!-- Test -->
