<?xml version="1.0" encoding="UTF-8"?>
<!-- Generated by org.testng.reporters.JUnitXMLReporter -->
<testsuite ignored="0" hostname="DESKTOP-30GL0O0" failures="1" tests="2" name="Test Basics 1" time="15.896" errors="0" timestamp="2023-12-15T14:54:57 EST">
  <testcase classname="com.qa.tests.LoginPageTest" name="verifyLoginPageTest" time="0.042"/>
  <testcase classname="com.qa.tests.LoginPageTest" name="verifyLoginFunction" time="3.425">
    <failure type="java.lang.NullPointerException">
      <![CDATA[java.lang.NullPointerException
at com.qa.tests.LoginPageTest.verifyLoginFunction(LoginPageTest.java:21)
at java.base/java.util.ArrayList.forEach(ArrayList.java:1541)
... Removed 27 stack frames]]>
    </failure>
  </testcase> <!-- verifyLoginFunction -->
</testsuite> <!-- Test Basics 1 -->
